{
    "FunctionName": "hello-cli",
    "FunctionArn": "arn:aws:lambda:us-east-1:343875642545:function:hello-cli:1",
    "Runtime": "nodejs14.x",
    "Role": "arn:aws:iam::343875642545:role/lambda-exemplo",
    "Handler": "index.handler",
    "CodeSize": 333,
    "Description": "",
    "Timeout": 3,
    "MemorySize": 128,
    "LastModified": "2022-04-11T00:00:06.000+0000",
    "CodeSha256": "D5yByLs4LbvJKm1f+uNDYQTB12hwK2D1mKewmpCUAzA=",
    "Version": "1",
    "TracingConfig": {
        "Mode": "PassThrough"
    },
    "RevisionId": "c853939d-108e-4dca-94d4-22bfa4af88a3",
    "State": "Active",
    "LastUpdateStatus": "Successful",
    "PackageType": "Zip",
    "Architectures": [
        "x86_64"
    ],
    "EphemeralStorage": {
        "Size": 512
    }
}
